2025-11-25 13:41:55, MOVE, v:1, k:poo@agenda, mode:PICK
2025-11-25 13:41:57, EXEC, v:1, k:poo@agenda, mode:FULL, rate:0, size:0
2025-11-25 13:51:43, MOVE, v:1, k:poo@agenda, mode:BACK
2025-11-25 13:51:46, MOVE, v:1, k:poo@agenda, mode:PICK
2025-11-25 13:57:53, EXEC, v:1, k:poo@agenda, mode:FULL, rate:0, size:27
2025-11-25 13:57:56, MOVE, v:1, k:poo@agenda, mode:BACK
2025-11-25 13:58:04, MOVE, v:1, k:poo@agenda, mode:PICK
2025-11-25 14:09:34, EXEC, v:1, k:poo@agenda, mode:FULL, rate:0, size:46
2025-11-25 14:09:35, EXEC, v:1, k:poo@agenda, mode:FULL, rate:0
2025-11-25 14:09:37, MOVE, v:1, k:poo@agenda, mode:BACK
2025-11-25 14:24:38, MOVE, v:1, k:poo@agenda, mode:PICK
2025-11-25 14:24:39, EXEC, v:1, k:poo@agenda, mode:FULL, rate:0, size:53
2025-11-25 14:24:40, EXEC, v:1, k:poo@agenda, mode:FULL, rate:0
2025-11-25 14:24:40, MOVE, v:1, k:poo@agenda, mode:BACK
2025-11-25 14:30:42, MOVE, v:1, k:poo@agenda, mode:PICK
2025-11-25 14:30:43, EXEC, v:1, k:poo@agenda, mode:FULL, rate:0, size:60
2025-11-25 14:31:00, EXEC, v:1, k:poo@agenda, mode:FREE
2025-11-25 14:31:48, EXEC, v:1, k:poo@agenda, mode:FULL, rate:0, size:62
2025-11-25 14:31:56, EXEC, v:1, k:poo@agenda, mode:FULL, rate:0
2025-11-25 14:31:59, EXEC, v:1, k:poo@agenda, mode:FREE
2025-11-25 14:33:00, EXEC, v:1, k:poo@agenda, mode:FULL, rate:0, size:62
2025-11-25 14:33:03, MOVE, v:1, k:poo@agenda, mode:BACK
2025-11-25 14:34:25, MOVE, v:1, k:poo@agenda, mode:PICK
2025-11-25 14:34:26, EXEC, v:1, k:poo@agenda, mode:FULL, rate:0, size:59
2025-11-25 14:34:26, EXEC, v:1, k:poo@agenda, mode:FULL, rate:0
2025-11-25 14:44:34, EXEC, v:1, k:poo@agenda, mode:FULL, rate:0, size:60
2025-11-25 14:44:34, MOVE, v:1, k:poo@agenda, mode:BACK
2025-11-25 16:15:41, MOVE, v:1, k:poo@agenda, mode:PICK
2025-11-25 16:15:42, EXEC, v:1, k:poo@agenda, mode:FULL, rate:0, size:59
