2025-12-03 09:59:41, MOVE, v:1, k:poo@agenda, mode:PICK
2025-12-03 09:59:41, EXEC, v:1, k:poo@agenda, mode:FULL, rate:62
2025-12-03 09:59:42, MOVE, v:1, k:poo@agenda, mode:BACK
2025-12-03 10:06:20, MOVE, v:1, k:poo@agenda, mode:PICK
2025-12-03 10:06:21, EXEC, v:1, k:poo@agenda, mode:FULL, rate:62, size:167
2025-12-03 10:06:23, MOVE, v:1, k:poo@agenda, mode:BACK
2025-12-03 10:07:36, MOVE, v:1, k:poo@agenda, mode:PICK
2025-12-03 10:07:37, EXEC, v:1, k:poo@agenda, mode:FULL, rate:62, size:168
2025-12-03 10:09:00, EXEC, v:1, k:poo@agenda, mode:FULL, rate:62
2025-12-03 10:09:13, MOVE, v:1, k:poo@agenda, mode:BACK
2025-12-03 10:09:42, MOVE, v:1, k:poo@agenda, mode:PICK
2025-12-03 10:09:43, EXEC, v:1, k:poo@agenda, mode:FULL, rate:62
2025-12-03 10:09:54, MOVE, v:1, k:poo@agenda, mode:PICK
2025-12-03 10:09:54, EXEC, v:1, k:poo@agenda, mode:FULL, rate:62
2025-12-03 10:30:38, EXEC, v:1, k:poo@agenda, mode:FULL, rate:75, size:184
2025-12-03 10:31:02, MOVE, v:1, k:poo@agenda, mode:BACK
2025-12-03 10:33:16, MOVE, v:1, k:poo@agenda, mode:PICK
2025-12-03 10:33:17, EXEC, v:1, k:poo@agenda, mode:FULL, rate:75
2025-12-03 10:33:22, MOVE, v:1, k:poo@agenda, mode:BACK
2025-12-03 10:33:27, MOVE, v:1, k:poo@agenda, mode:PICK
2025-12-03 10:33:28, EXEC, v:1, k:poo@agenda, mode:FULL, rate:75
2025-12-03 10:33:37, MOVE, v:1, k:poo@agenda, mode:BACK
2025-12-03 10:33:39, MOVE, v:1, k:poo@agenda, mode:PICK
2025-12-03 10:33:40, EXEC, v:1, k:poo@agenda, mode:FULL, rate:75
2025-12-03 10:40:19, EXEC, v:1, k:poo@agenda, mode:FULL, rate:75, size:193
2025-12-03 10:43:23, EXEC, v:1, k:poo@agenda, mode:FULL, rate:25, size:194
2025-12-03 10:43:36, MOVE, v:1, k:poo@agenda, mode:BACK
2025-12-03 10:44:09, MOVE, v:1, k:poo@agenda, mode:PICK
2025-12-03 10:44:10, EXEC, v:1, k:poo@agenda, mode:FULL, rate:75, size:193
2025-12-03 10:44:20, EXEC, v:1, k:poo@agenda, mode:FULL, rate:75
2025-12-03 10:44:21, MOVE, v:1, k:poo@agenda, mode:BACK
2025-12-03 10:44:52, MOVE, v:1, k:poo@agenda, mode:PICK
2025-12-03 10:44:53, EXEC, v:1, k:poo@agenda, mode:FULL, rate:75
2025-12-03 10:44:54, EXEC, v:1, k:poo@agenda, mode:FULL, rate:75
2025-12-03 10:44:55, MOVE, v:1, k:poo@agenda, mode:BACK
2025-12-03 10:48:31, MOVE, v:1, k:poo@agenda, mode:PICK
2025-12-03 10:48:32, EXEC, v:1, k:poo@agenda, mode:FULL, rate:25, size:186
2025-12-03 10:49:22, EXEC, v:1, k:poo@agenda, mode:FULL, rate:75, size:193
2025-12-03 10:49:23, MOVE, v:1, k:poo@agenda, mode:BACK
2025-12-03 10:51:52, MOVE, v:1, k:poo@agenda, mode:PICK
2025-12-03 10:51:54, EXEC, v:1, k:poo@agenda, mode:FULL, rate:87, size:181
2025-12-03 10:52:13, EXEC, v:1, k:poo@agenda, mode:FULL, rate:87
2025-12-03 10:52:15, EXEC, v:1, k:poo@agenda, mode:FULL, rate:87
2025-12-03 10:52:35, MOVE, v:1, k:poo@agenda, mode:BACK
2025-12-03 10:52:50, MOVE, v:1, k:poo@agenda, mode:PICK
2025-12-03 10:52:50, EXEC, v:1, k:poo@agenda, mode:FULL, rate:87
2025-12-03 10:52:52, EXEC, v:1, k:poo@agenda, mode:FULL, rate:87
2025-12-03 10:52:53, MOVE, v:1, k:poo@agenda, mode:BACK
2025-12-03 10:53:38, MOVE, v:1, k:poo@agenda, mode:PICK
2025-12-03 10:53:38, EXEC, v:1, k:poo@agenda, mode:FULL, rate:0, size:184
2025-12-03 10:53:52, EXEC, v:1, k:poo@agenda, mode:FULL, rate:87, size:184
2025-12-03 10:54:01, EXEC, v:1, k:poo@agenda, mode:FULL, rate:87
2025-12-03 10:54:03, MOVE, v:1, k:poo@agenda, mode:BACK
2025-12-03 10:54:37, MOVE, v:1, k:poo@agenda, mode:PICK
2025-12-03 10:54:39, EXEC, v:1, k:poo@agenda, mode:FULL, rate:100, size:184
2025-12-03 10:54:48, EXEC, v:1, k:poo@agenda, mode:FULL, rate:100
2025-12-03 10:54:51, EXEC, v:1, k:poo@agenda, mode:FULL, rate:100
2025-12-03 10:54:52, MOVE, v:1, k:poo@agenda, mode:BACK
2025-12-03 10:56:23, SELF, v:1, k:poo@agenda, rate:100, human:s, iagen:s, guide:s, alone:7, study:600
2025-12-03 10:56:36, SELF, v:1, k:poo@agenda, rate:100, human:s, iagen:s, guide:s, alone:7, study:600
