2025-12-02 12:09:07, MOVE, v:1, k:poo@agenda, mode:PICK
2025-12-02 12:09:09, EXEC, v:1, k:poo@agenda, mode:FULL, rate:25
2025-12-02 13:20:55, MOVE, v:1, k:poo@agenda, mode:PICK
2025-12-02 13:20:57, EXEC, v:1, k:poo@agenda, mode:FULL, rate:25
2025-12-02 13:26:01, MOVE, v:1, k:poo@agenda, mode:BACK
2025-12-02 13:27:21, MOVE, v:1, k:poo@agenda, mode:PICK
2025-12-02 13:27:23, EXEC, v:1, k:poo@agenda, mode:FULL, rate:25, size:121
2025-12-02 13:39:13, EXEC, v:1, k:poo@agenda, mode:FREE, size:137
2025-12-02 13:40:08, MOVE, v:1, k:poo@agenda, mode:BACK
2025-12-02 13:41:45, MOVE, v:1, k:poo@agenda, mode:PICK
2025-12-02 13:41:46, EXEC, v:1, k:poo@agenda, mode:FULL, rate:37
2025-12-02 13:42:04, MOVE, v:1, k:poo@agenda, mode:BACK
2025-12-02 13:42:52, MOVE, v:1, k:poo@agenda, mode:PICK
2025-12-02 13:42:53, EXEC, v:1, k:poo@agenda, mode:FULL, rate:37
2025-12-02 13:55:54, EXEC, v:1, k:poo@agenda, mode:FULL, rate:37, size:162
2025-12-02 14:07:17, EXEC, v:1, k:poo@agenda, mode:FULL, rate:37, size:162
2025-12-02 14:07:20, MOVE, v:1, k:poo@agenda, mode:BACK
2025-12-02 14:13:15, MOVE, v:1, k:poo@agenda, mode:PICK
2025-12-02 14:13:18, EXEC, v:1, k:poo@agenda, mode:FULL, rate:62, size:149
2025-12-02 14:13:29, MOVE, v:1, k:poo@agenda, mode:BACK
2025-12-02 14:13:41, MOVE, v:1, k:poo@agenda, mode:PICK
2025-12-02 14:13:42, EXEC, v:1, k:poo@agenda, mode:FULL, rate:62
2025-12-02 14:31:42, EXEC, v:1, k:poo@agenda, mode:FULL, rate:62
2025-12-02 14:31:43, MOVE, v:1, k:poo@agenda, mode:BACK
2025-12-02 14:31:54, MOVE, v:1, k:poo@agenda, mode:PICK
2025-12-02 14:31:56, EXEC, v:1, k:poo@agenda, mode:FULL, rate:62
2025-12-02 14:34:17, EXEC, v:1, k:poo@agenda, mode:FULL, rate:62
2025-12-02 14:34:19, MOVE, v:1, k:poo@agenda, mode:BACK
2025-12-02 14:47:58, MOVE, v:1, k:poo@agenda, mode:PICK
2025-12-02 14:48:01, EXEC, v:1, k:poo@agenda, mode:FULL, rate:62
2025-12-02 14:48:06, MOVE, v:1, k:poo@agenda, mode:BACK
2025-12-02 14:48:48, MOVE, v:1, k:poo@agenda, mode:PICK
2025-12-02 14:48:50, EXEC, v:1, k:poo@agenda, mode:FULL, rate:62
2025-12-02 14:55:09, EXEC, v:1, k:poo@agenda, mode:FULL, rate:62
2025-12-02 14:55:10, MOVE, v:1, k:poo@agenda, mode:BACK
2025-12-02 15:04:03, MOVE, v:1, k:poo@agenda, mode:PICK
2025-12-02 15:04:08, EXEC, v:1, k:poo@agenda, mode:FULL, rate:62, size:155
2025-12-02 15:10:53, EXEC, v:1, k:poo@agenda, mode:FULL, rate:62
2025-12-02 15:10:53, MOVE, v:1, k:poo@agenda, mode:BACK
2025-12-02 15:11:13, MOVE, v:1, k:poo@agenda, mode:PICK
2025-12-02 15:11:15, EXEC, v:1, k:poo@agenda, mode:FULL, rate:62
2025-12-02 15:14:01, MOVE, v:1, k:poo@agenda, mode:BACK
2025-12-02 15:14:04, MOVE, v:1, k:poo@agenda, mode:PICK
2025-12-02 15:14:05, EXEC, v:1, k:poo@agenda, mode:FULL, rate:62
2025-12-02 15:14:06, MOVE, v:1, k:poo@agenda, mode:BACK
2025-12-02 16:24:15, MOVE, v:1, k:poo@agenda, mode:PICK
2025-12-02 16:24:16, EXEC, v:1, k:poo@agenda, mode:FULL, rate:62
2025-12-02 16:24:16, MOVE, v:1, k:poo@agenda, mode:BACK
2025-12-02 16:24:29, MOVE, v:1, k:poo@agenda, mode:PICK
2025-12-02 16:24:30, EXEC, v:1, k:poo@agenda, mode:FULL, rate:62
2025-12-02 16:32:05, MOVE, v:1, k:poo@agenda, mode:BACK
2025-12-02 16:32:07, MOVE, v:1, k:poo@agenda, mode:PICK
2025-12-02 16:32:08, EXEC, v:1, k:poo@agenda, mode:FULL, rate:62
2025-12-02 16:32:08, MOVE, v:1, k:poo@agenda, mode:BACK
